2017-10-26T21:44:15.684Z ERROR   HLFConnectionManager    :fabric-client()          [client-utils.js]: sendPeersProposal - Promise is rejected: Error: chaincode error (status: 500, message: Error: The current identity must be activated (ACTIVATION_REQUIRED))
    at /Users/a01334390/Documents/Git Projects/Lyra/node_modules/fabric-client/node_modules/grpc/src/node/src/client.js:434:17 {}$
2017-10-26T21:44:15.686Z ERROR   HLFConnection           :queryChainCode()         {"message":"Error trying to query business network. Error: chaincode error (status: 500, message: Error: The current identity must be activated (ACTIVATION_REQUIRED))","stack":"Error: Error trying to query business network. Error: chaincode error (status: 500, message: Error: The current identity must be activated (ACTIVATION_REQUIRED))\n    at channel.queryByChaincode.then.catch (/Users/a01334390/Documents/Git Projects/Lyra/node_modules/composer-connector-hlfv1/lib/hlfconnection.js:749:34)\n    at <anonymous>"}$
2017-10-26T21:44:15.687Z ERROR   HLFConnection           :ping()                   {"message":"Error trying to ping. Error: Error trying to query business network. Error: chaincode error (status: 500, message: Error: The current identity must be activated (ACTIVATION_REQUIRED))","stack":"Error: Error trying to ping. Error: Error trying to query business network. Error: chaincode error (status: 500, message: Error: The current identity must be activated (ACTIVATION_REQUIRED))\n    at _checkRuntimeVersions.then.catch (/Users/a01334390/Documents/Git Projects/Lyra/node_modules/composer-connector-hlfv1/lib/hlfconnection.js:663:34)\n    at <anonymous>"}$
2017-10-26T21:44:16.907Z ERROR   HLFConnectionManager    :fabric-client()          [client-utils.js]: sendPeersProposal - Promise is rejected: Error: chaincode error (status: 500, message: Error: The current identity must be activated (ACTIVATION_REQUIRED))
    at /Users/a01334390/Documents/Git Projects/Lyra/node_modules/fabric-client/node_modules/grpc/src/node/src/client.js:434:17 {}$
2017-10-26T21:44:16.908Z ERROR   HLFConnection           :queryChainCode()         {"message":"Error trying to query business network. Error: chaincode error (status: 500, message: Error: The current identity must be activated (ACTIVATION_REQUIRED))","stack":"Error: Error trying to query business network. Error: chaincode error (status: 500, message: Error: The current identity must be activated (ACTIVATION_REQUIRED))\n    at channel.queryByChaincode.then.catch (/Users/a01334390/Documents/Git Projects/Lyra/node_modules/composer-connector-hlfv1/lib/hlfconnection.js:749:34)\n    at <anonymous>"}$
2017-10-26T21:44:16.908Z ERROR   HLFConnection           :ping()                   {"message":"Error trying to ping. Error: Error trying to query business network. Error: chaincode error (status: 500, message: Error: The current identity must be activated (ACTIVATION_REQUIRED))","stack":"Error: Error trying to ping. Error: Error trying to query business network. Error: chaincode error (status: 500, message: Error: The current identity must be activated (ACTIVATION_REQUIRED))\n    at _checkRuntimeVersions.then.catch (/Users/a01334390/Documents/Git Projects/Lyra/node_modules/composer-connector-hlfv1/lib/hlfconnection.js:663:34)\n    at <anonymous>"}$
2017-10-26T21:44:20.756Z ERROR   HLFConnectionManager    :fabric-client()          [client-utils.js]: sendPeersProposal - Promise is rejected: Error: chaincode error (status: 500, message: Error: The current identity must be activated (ACTIVATION_REQUIRED))
    at /Users/a01334390/Documents/Git Projects/Lyra/node_modules/fabric-client/node_modules/grpc/src/node/src/client.js:434:17 {}$
2017-10-26T21:44:20.756Z ERROR   HLFConnection           :queryChainCode()         {"message":"Error trying to query business network. Error: chaincode error (status: 500, message: Error: The current identity must be activated (ACTIVATION_REQUIRED))","stack":"Error: Error trying to query business network. Error: chaincode error (status: 500, message: Error: The current identity must be activated (ACTIVATION_REQUIRED))\n    at channel.queryByChaincode.then.catch (/Users/a01334390/Documents/Git Projects/Lyra/node_modules/composer-connector-hlfv1/lib/hlfconnection.js:749:34)\n    at <anonymous>"}$
2017-10-26T21:44:20.757Z ERROR   HLFConnection           :ping()                   {"message":"Error trying to ping. Error: Error trying to query business network. Error: chaincode error (status: 500, message: Error: The current identity must be activated (ACTIVATION_REQUIRED))","stack":"Error: Error trying to ping. Error: Error trying to query business network. Error: chaincode error (status: 500, message: Error: The current identity must be activated (ACTIVATION_REQUIRED))\n    at _checkRuntimeVersions.then.catch (/Users/a01334390/Documents/Git Projects/Lyra/node_modules/composer-connector-hlfv1/lib/hlfconnection.js:663:34)\n    at <anonymous>"}$
2017-10-27T02:59:06.846Z ERROR   HLFConnectionManager    :fabric-client()          [Peer.js]: sendProposal - timed out after:300000 {}$
2017-10-27T02:59:06.848Z ERROR   HLFConnectionManager    :fabric-client()          [Peer.js]: sendProposal - timed out after:300000 {}$
2017-10-27T02:59:06.848Z ERROR   HLFConnectionManager    :fabric-client()          [Peer.js]: sendProposal - timed out after:300000 {}$
2017-10-27T02:59:06.848Z ERROR   HLFConnectionManager    :fabric-client()          [Peer.js]: sendProposal - timed out after:300000 {}$
2017-10-27T02:59:06.848Z ERROR   HLFConnectionManager    :fabric-client()          [Peer.js]: sendProposal - timed out after:300000 {}$
2017-10-27T02:59:06.848Z ERROR   HLFConnectionManager    :fabric-client()          [Peer.js]: sendProposal - timed out after:300000 {}$
2017-10-27T02:59:06.849Z ERROR   HLFConnectionManager    :fabric-client()          [Peer.js]: sendProposal - timed out after:300000 {}$
2017-10-27T02:59:06.852Z ERROR   HLFConnectionManager    :fabric-client()          [client-utils.js]: sendPeersProposal - Promise is rejected: Error: REQUEST_TIMEOUT
    at Timeout._onTimeout (/Users/a01334390/Documents/Git Projects/Lyra/node_modules/fabric-client/lib/Peer.js:100:19)
    at ontimeout (timers.js:469:11)
    at tryOnTimeout (timers.js:304:5)
    at Timer.listOnTimeout (timers.js:264:5) {}$
2017-10-27T02:59:06.852Z ERROR   HLFConnectionManager    :fabric-client()          [client-utils.js]: sendPeersProposal - Promise is rejected: Error: REQUEST_TIMEOUT
    at Timeout._onTimeout (/Users/a01334390/Documents/Git Projects/Lyra/node_modules/fabric-client/lib/Peer.js:100:19)
    at ontimeout (timers.js:469:11)
    at tryOnTimeout (timers.js:304:5)
    at Timer.listOnTimeout (timers.js:264:5) {}$
2017-10-27T02:59:06.853Z ERROR   HLFConnectionManager    :fabric-client()          [client-utils.js]: sendPeersProposal - Promise is rejected: Error: REQUEST_TIMEOUT
    at Timeout._onTimeout (/Users/a01334390/Documents/Git Projects/Lyra/node_modules/fabric-client/lib/Peer.js:100:19)
    at ontimeout (timers.js:469:11)
    at tryOnTimeout (timers.js:304:5)
    at Timer.listOnTimeout (timers.js:264:5) {}$
2017-10-27T02:59:06.858Z ERROR   HLFConnectionManager    :fabric-client()          [client-utils.js]: sendPeersProposal - Promise is rejected: Error: REQUEST_TIMEOUT
    at Timeout._onTimeout (/Users/a01334390/Documents/Git Projects/Lyra/node_modules/fabric-client/lib/Peer.js:100:19)
    at ontimeout (timers.js:469:11)
    at tryOnTimeout (timers.js:304:5)
    at Timer.listOnTimeout (timers.js:264:5) {}$
2017-10-27T02:59:06.858Z ERROR   HLFConnectionManager    :fabric-client()          [client-utils.js]: sendPeersProposal - Promise is rejected: Error: REQUEST_TIMEOUT
    at Timeout._onTimeout (/Users/a01334390/Documents/Git Projects/Lyra/node_modules/fabric-client/lib/Peer.js:100:19)
    at ontimeout (timers.js:469:11)
    at tryOnTimeout (timers.js:304:5)
    at Timer.listOnTimeout (timers.js:264:5) {}$
2017-10-27T02:59:06.858Z ERROR   HLFConnectionManager    :fabric-client()          [client-utils.js]: sendPeersProposal - Promise is rejected: Error: REQUEST_TIMEOUT
    at Timeout._onTimeout (/Users/a01334390/Documents/Git Projects/Lyra/node_modules/fabric-client/lib/Peer.js:100:19)
    at ontimeout (timers.js:469:11)
    at tryOnTimeout (timers.js:304:5)
    at Timer.listOnTimeout (timers.js:264:5) {}$
2017-10-27T02:59:06.858Z ERROR   HLFConnectionManager    :fabric-client()          [client-utils.js]: sendPeersProposal - Promise is rejected: Error: REQUEST_TIMEOUT
    at Timeout._onTimeout (/Users/a01334390/Documents/Git Projects/Lyra/node_modules/fabric-client/lib/Peer.js:100:19)
    at ontimeout (timers.js:469:11)
    at tryOnTimeout (timers.js:304:5)
    at Timer.listOnTimeout (timers.js:264:5) {}$
2017-10-27T02:59:06.859Z ERROR   HLFConnection           :invokeChainCode()        {"message":"Error trying invoke business network. Error: Failed to receive commit notification for transaction '4bc12a32005adc49cde076f7fe8a390352c389c0774e74b54cfa0c918102f7e1' within the timeout period","stack":"Error: Error trying invoke business network. Error: Failed to receive commit notification for transaction '4bc12a32005adc49cde076f7fe8a390352c389c0774e74b54cfa0c918102f7e1' within the timeout period\n    at _initializeChannel.then.then.then.then.catch (/Users/a01334390/Documents/Git Projects/Lyra/node_modules/composer-connector-hlfv1/lib/hlfconnection.js:837:34)\n    at <anonymous>\n    at process._tickCallback (internal/process/next_tick.js:188:7)"}$
2017-10-27T02:59:06.860Z ERROR   HLFConnection           :invokeChainCode()        {"message":"Error trying invoke business network. Error: Failed to receive commit notification for transaction '19ddbd1413d94d8e7231cedfc6ac5d73bc75495a70902273301b84e6a5bdb5d3' within the timeout period","stack":"Error: Error trying invoke business network. Error: Failed to receive commit notification for transaction '19ddbd1413d94d8e7231cedfc6ac5d73bc75495a70902273301b84e6a5bdb5d3' within the timeout period\n    at _initializeChannel.then.then.then.then.catch (/Users/a01334390/Documents/Git Projects/Lyra/node_modules/composer-connector-hlfv1/lib/hlfconnection.js:837:34)\n    at <anonymous>\n    at process._tickCallback (internal/process/next_tick.js:188:7)"}$
2017-10-27T02:59:06.861Z ERROR   HLFConnection           :queryChainCode()         {"message":"Error trying to query business network. Error: REQUEST_TIMEOUT","stack":"Error: Error trying to query business network. Error: REQUEST_TIMEOUT\n    at channel.queryByChaincode.then.catch (/Users/a01334390/Documents/Git Projects/Lyra/node_modules/composer-connector-hlfv1/lib/hlfconnection.js:749:34)\n    at <anonymous>\n    at process._tickCallback (internal/process/next_tick.js:188:7)"}$
2017-10-27T02:59:06.861Z ERROR   HLFConnection           :queryChainCode()         {"message":"Error trying to query business network. Error: REQUEST_TIMEOUT","stack":"Error: Error trying to query business network. Error: REQUEST_TIMEOUT\n    at channel.queryByChaincode.then.catch (/Users/a01334390/Documents/Git Projects/Lyra/node_modules/composer-connector-hlfv1/lib/hlfconnection.js:749:34)\n    at <anonymous>\n    at process._tickCallback (internal/process/next_tick.js:188:7)"}$
2017-10-27T02:59:06.862Z ERROR   HLFConnection           :queryChainCode()         {"message":"Error trying to query business network. Error: REQUEST_TIMEOUT","stack":"Error: Error trying to query business network. Error: REQUEST_TIMEOUT\n    at channel.queryByChaincode.then.catch (/Users/a01334390/Documents/Git Projects/Lyra/node_modules/composer-connector-hlfv1/lib/hlfconnection.js:749:34)\n    at <anonymous>\n    at process._tickCallback (internal/process/next_tick.js:188:7)"}$
2017-10-27T02:59:06.862Z ERROR   HLFConnection           :queryChainCode()         {"message":"Error trying to query business network. Error: REQUEST_TIMEOUT","stack":"Error: Error trying to query business network. Error: REQUEST_TIMEOUT\n    at channel.queryByChaincode.then.catch (/Users/a01334390/Documents/Git Projects/Lyra/node_modules/composer-connector-hlfv1/lib/hlfconnection.js:749:34)\n    at <anonymous>\n    at process._tickCallback (internal/process/next_tick.js:188:7)"}$
2017-10-27T02:59:06.862Z ERROR   HLFConnection           :queryChainCode()         {"message":"Error trying to query business network. Error: REQUEST_TIMEOUT","stack":"Error: Error trying to query business network. Error: REQUEST_TIMEOUT\n    at channel.queryByChaincode.then.catch (/Users/a01334390/Documents/Git Projects/Lyra/node_modules/composer-connector-hlfv1/lib/hlfconnection.js:749:34)\n    at <anonymous>\n    at process._tickCallback (internal/process/next_tick.js:188:7)"}$
2017-10-27T02:59:06.862Z ERROR   HLFConnection           :queryChainCode()         {"message":"Error trying to query business network. Error: REQUEST_TIMEOUT","stack":"Error: Error trying to query business network. Error: REQUEST_TIMEOUT\n    at channel.queryByChaincode.then.catch (/Users/a01334390/Documents/Git Projects/Lyra/node_modules/composer-connector-hlfv1/lib/hlfconnection.js:749:34)\n    at <anonymous>\n    at process._tickCallback (internal/process/next_tick.js:188:7)"}$
2017-10-27T02:59:06.863Z ERROR   HLFConnection           :invokeChainCode()        {"message":"Error trying invoke business network. Error: REQUEST_TIMEOUT","stack":"Error: Error trying invoke business network. Error: REQUEST_TIMEOUT\n    at _initializeChannel.then.then.then.then.catch (/Users/a01334390/Documents/Git Projects/Lyra/node_modules/composer-connector-hlfv1/lib/hlfconnection.js:837:34)\n    at <anonymous>\n    at process._tickCallback (internal/process/next_tick.js:188:7)"}$
2017-10-27T02:59:06.863Z ERROR   HLFConnection           :ping()                   {"message":"Error trying to ping. Error: Error trying to query business network. Error: REQUEST_TIMEOUT","stack":"Error: Error trying to ping. Error: Error trying to query business network. Error: REQUEST_TIMEOUT\n    at _checkRuntimeVersions.then.catch (/Users/a01334390/Documents/Git Projects/Lyra/node_modules/composer-connector-hlfv1/lib/hlfconnection.js:663:34)\n    at <anonymous>\n    at process._tickCallback (internal/process/next_tick.js:188:7)"}$
2017-10-27T02:59:06.863Z ERROR   HLFConnection           :ping()                   {"message":"Error trying to ping. Error: Error trying to query business network. Error: REQUEST_TIMEOUT","stack":"Error: Error trying to ping. Error: Error trying to query business network. Error: REQUEST_TIMEOUT\n    at _checkRuntimeVersions.then.catch (/Users/a01334390/Documents/Git Projects/Lyra/node_modules/composer-connector-hlfv1/lib/hlfconnection.js:663:34)\n    at <anonymous>\n    at process._tickCallback (internal/process/next_tick.js:188:7)"}$
2017-10-27T02:59:06.863Z ERROR   HLFConnection           :ping()                   {"message":"Error trying to ping. Error: Error trying to query business network. Error: REQUEST_TIMEOUT","stack":"Error: Error trying to ping. Error: Error trying to query business network. Error: REQUEST_TIMEOUT\n    at _checkRuntimeVersions.then.catch (/Users/a01334390/Documents/Git Projects/Lyra/node_modules/composer-connector-hlfv1/lib/hlfconnection.js:663:34)\n    at <anonymous>\n    at process._tickCallback (internal/process/next_tick.js:188:7)"}$
2017-10-27T02:59:06.863Z ERROR   HLFConnection           :ping()                   {"message":"Error trying to ping. Error: Error trying to query business network. Error: REQUEST_TIMEOUT","stack":"Error: Error trying to ping. Error: Error trying to query business network. Error: REQUEST_TIMEOUT\n    at _checkRuntimeVersions.then.catch (/Users/a01334390/Documents/Git Projects/Lyra/node_modules/composer-connector-hlfv1/lib/hlfconnection.js:663:34)\n    at <anonymous>\n    at process._tickCallback (internal/process/next_tick.js:188:7)"}$
2017-10-27T02:59:06.864Z ERROR   HLFConnection           :ping()                   {"message":"Error trying to ping. Error: Error trying to query business network. Error: REQUEST_TIMEOUT","stack":"Error: Error trying to ping. Error: Error trying to query business network. Error: REQUEST_TIMEOUT\n    at _checkRuntimeVersions.then.catch (/Users/a01334390/Documents/Git Projects/Lyra/node_modules/composer-connector-hlfv1/lib/hlfconnection.js:663:34)\n    at <anonymous>\n    at process._tickCallback (internal/process/next_tick.js:188:7)"}$
2017-10-27T02:59:06.864Z ERROR   HLFConnection           :ping()                   {"message":"Error trying to ping. Error: Error trying to query business network. Error: REQUEST_TIMEOUT","stack":"Error: Error trying to ping. Error: Error trying to query business network. Error: REQUEST_TIMEOUT\n    at _checkRuntimeVersions.then.catch (/Users/a01334390/Documents/Git Projects/Lyra/node_modules/composer-connector-hlfv1/lib/hlfconnection.js:663:34)\n    at <anonymous>\n    at process._tickCallback (internal/process/next_tick.js:188:7)"}$
